<?xml version="1.0" encoding="UTF-8"?>
<testsuite xmlns:xsi="http://www.w3.org/2001/XMLSchema-instance" xsi:noNamespaceSchemaLocation="https://maven.apache.org/surefire/maven-surefire-plugin/xsd/surefire-test-report-3.0.xsd" version="3.0" name="com.amigoes.fullstack.customer.CustomerRepositoryTest" time="6.819" tests="3" errors="0" skipped="0" failures="0">
  <properties>
[...]
</properties>
  <testcase name="existsByEmail" classname="com.amigoes.fullstack.customer.CustomerRepositoryTest" time="0.172">
    <system-out><![CDATA[07:23:50.423 [main] INFO 🐳 [postgres:latest] -- Creating container for image: postgres:latest
07:23:50.473 [main] INFO 🐳 [postgres:latest] -- Container postgres:latest is starting: b0f357b1bb8af806831155e8aec22bfe8759987ce10f153795cf5f2e96d1998f
07:23:52.198 [main] INFO 🐳 [postgres:latest] -- Container postgres:latest started in PT1.775012605S
07:23:52.198 [main] INFO 🐳 [postgres:latest] -- Container is started (JDBC URL: jdbc:postgresql://localhost:32771/fullstack-dao-unit-test?loggerLevel=OFF)
07:23:52.388 [main] INFO org.springframework.test.context.support.AnnotationConfigContextLoaderUtils -- Could not detect default configuration classes for test class [com.amigoes.fullstack.customer.CustomerRepositoryTest]: CustomerRepositoryTest does not declare any static, non-private, non-final, nested classes annotated with @Configuration.
07:23:52.720 [main] INFO org.springframework.boot.test.context.SpringBootTestContextBootstrapper -- Found @SpringBootConfiguration com.amigoes.fullstack.FullstackApplication for test class com.amigoes.fullstack.customer.CustomerRepositoryTest
07:23:52.777 [main] INFO org.flywaydb.core.internal.database.base.BaseDatabaseType -- Database: jdbc:postgresql://localhost:32771/fullstack-dao-unit-test (PostgreSQL 15.4)
07:23:52.790 [main] INFO org.flywaydb.core.internal.schemahistory.JdbcTableSchemaHistory -- Schema history table "public"."flyway_schema_history" does not exist yet
07:23:52.792 [main] INFO org.flywaydb.core.internal.command.DbValidate -- Successfully validated 2 migrations (execution time 00:00.006s)
07:23:52.803 [main] INFO org.flywaydb.core.internal.schemahistory.JdbcTableSchemaHistory -- Creating Schema History table "public"."flyway_schema_history" ...
07:23:52.845 [main] INFO org.flywaydb.core.internal.command.DbMigrate -- Current version of schema "public": << Empty Schema >>
07:23:52.852 [main] INFO org.flywaydb.core.internal.command.DbMigrate -- Migrating schema "public" to version "1 - Initial Setup"
07:23:52.872 [main] INFO org.flywaydb.core.internal.command.DbMigrate -- Migrating schema "public" to version "2 - Adding Constraints  To Email"
07:23:52.879 [main] INFO org.flywaydb.core.internal.command.DbMigrate -- Successfully applied 2 migrations to schema "public", now at version v2 (execution time 00:00.039s)

  .   ____          _            __ _ _
 /\\ / ___'_ __ _ _(_)_ __  __ _ \ \ \ \
( ( )\___ | '_ | '_| | '_ \/ _` | \ \ \ \
 \\/  ___)| |_)| | | | | || (_| |  ) ) ) )
  '  |____| .__|_| |_|_| |_\__, | / / / /
 =========|_|==============|___/=/_/_/_/
 :: Spring Boot ::                (v3.1.2)

2023-09-08T07:23:53.559Z  INFO 2256 --- [           main] c.a.f.customer.CustomerRepositoryTest    : Starting CustomerRepositoryTest using Java 17.0.8.1 with PID 2256 (started by runner in /home/runner/work/testing-fullstack/testing-fullstack/backend)
2023-09-08T07:23:53.561Z  INFO 2256 --- [           main] c.a.f.customer.CustomerRepositoryTest    : No active profile set, falling back to 1 default profile: "default"
2023-09-08T07:23:54.110Z  INFO 2256 --- [           main] .s.d.r.c.RepositoryConfigurationDelegate : Multiple Spring Data modules found, entering strict repository configuration mode
2023-09-08T07:23:54.112Z  INFO 2256 --- [           main] .s.d.r.c.RepositoryConfigurationDelegate : Bootstrapping Spring Data JPA repositories in DEFAULT mode.
2023-09-08T07:23:54.296Z  INFO 2256 --- [           main] .s.d.r.c.RepositoryConfigurationDelegate : Finished Spring Data repository scanning in 175 ms. Found 1 JPA repository interfaces.
2023-09-08T07:23:54.751Z  INFO 2256 --- [           main] com.zaxxer.hikari.HikariDataSource       : HikariPool-5 - Starting...
2023-09-08T07:23:54.772Z  INFO 2256 --- [           main] com.zaxxer.hikari.pool.HikariPool        : HikariPool-5 - Added connection org.postgresql.jdbc.PgConnection@21d478f3
2023-09-08T07:23:54.772Z  INFO 2256 --- [           main] com.zaxxer.hikari.HikariDataSource       : HikariPool-5 - Start completed.
2023-09-08T07:23:54.776Z  INFO 2256 --- [           main] o.f.c.i.database.base.BaseDatabaseType   : Database: jdbc:postgresql://localhost:32771/fullstack-dao-unit-test (PostgreSQL 15.4)
2023-09-08T07:23:54.790Z  INFO 2256 --- [           main] o.f.core.internal.command.DbValidate     : Successfully validated 2 migrations (execution time 00:00.006s)
2023-09-08T07:23:54.813Z  INFO 2256 --- [           main] o.f.core.internal.command.DbMigrate      : Current version of schema "public": 2
2023-09-08T07:23:54.814Z  INFO 2256 --- [           main] o.f.core.internal.command.DbMigrate      : Schema "public" is up to date. No migration necessary.
2023-09-08T07:23:54.969Z  INFO 2256 --- [           main] o.hibernate.jpa.internal.util.LogHelper  : HHH000204: Processing PersistenceUnitInfo [name: default]
2023-09-08T07:23:55.036Z  INFO 2256 --- [           main] org.hibernate.Version                    : HHH000412: Hibernate ORM core version 6.2.6.Final
2023-09-08T07:23:55.039Z  INFO 2256 --- [           main] org.hibernate.cfg.Environment            : HHH000406: Using bytecode reflection optimizer
2023-09-08T07:23:55.213Z  INFO 2256 --- [           main] o.h.b.i.BytecodeProviderInitiator        : HHH000021: Bytecode provider name : bytebuddy
2023-09-08T07:23:55.223Z  INFO 2256 --- [           main] o.s.o.j.p.SpringPersistenceUnitInfo      : No LoadTimeWeaver setup: ignoring JPA class transformer
2023-09-08T07:23:55.469Z  INFO 2256 --- [           main] o.h.b.i.BytecodeProviderInitiator        : HHH000021: Bytecode provider name : bytebuddy
2023-09-08T07:23:55.977Z  INFO 2256 --- [           main] o.h.e.t.j.p.i.JtaPlatformInitiator       : HHH000490: Using JtaPlatform implementation: [org.hibernate.engine.transaction.jta.platform.internal.NoJtaPlatform]
2023-09-08T07:23:55.982Z  INFO 2256 --- [           main] j.LocalContainerEntityManagerFactoryBean : Initialized JPA EntityManagerFactory for persistence unit 'default'
2023-09-08T07:23:56.515Z  WARN 2256 --- [           main] JpaBaseConfiguration$JpaWebConfiguration : spring.jpa.open-in-view is enabled by default. Therefore, database queries may be performed during view rendering. Explicitly configure spring.jpa.open-in-view to disable this warning
2023-09-08T07:23:56.605Z  INFO 2256 --- [           main] c.a.f.customer.CustomerRepositoryTest    : Started CustomerRepositoryTest in 3.654 seconds (process running for 30.242)
Hibernate: 
    select
        nextval('customer_id_seq')
Hibernate: 
    insert 
    into
        customer
        (age,email,name,id) 
    values
        (?,?,?,?)
Hibernate: 
    select
        c1_0.id,
        c1_0.age,
        c1_0.email,
        c1_0.name 
    from
        customer c1_0
90
Hibernate: 
    select
        nextval('customer_id_seq')
Hibernate: 
    insert 
    into
        customer
        (age,email,name,id) 
    values
        (?,?,?,?)
Hibernate: 
    delete 
    from
        customer 
    where
        id=?
Hibernate: 
    select
        c1_0.id 
    from
        customer c1_0 
    where
        c1_0.email=? fetch first ? rows only
]]></system-out>
  </testcase>
  <testcase name="deleteByEmail" classname="com.amigoes.fullstack.customer.CustomerRepositoryTest" time="0.02">
    <system-out><![CDATA[Hibernate: 
    select
        c1_0.id,
        c1_0.age,
        c1_0.email,
        c1_0.name 
    from
        customer c1_0
90
]]></system-out>
  </testcase>
  <testcase name="findByEmail" classname="com.amigoes.fullstack.customer.CustomerRepositoryTest" time="0.02">
    <system-out><![CDATA[Hibernate: 
    select
        c1_0.id,
        c1_0.age,
        c1_0.email,
        c1_0.name 
    from
        customer c1_0
90
Hibernate: 
    select
        nextval('customer_id_seq')
Hibernate: 
    insert 
    into
        customer
        (age,email,name,id) 
    values
        (?,?,?,?)
Hibernate: 
    delete 
    from
        customer 
    where
        id=?
Hibernate: 
    select
        c1_0.id,
        c1_0.age,
        c1_0.email,
        c1_0.name 
    from
        customer c1_0 
    where
        c1_0.email=?
]]></system-out>
  </testcase>
</testsuite>