<?xml version="1.0" encoding="UTF-8"?>
<testsuite xmlns:xsi="http://www.w3.org/2001/XMLSchema-instance" xsi:noNamespaceSchemaLocation="https://maven.apache.org/surefire/maven-surefire-plugin/xsd/surefire-test-report-3.0.xsd" version="3.0" name="com.amigoes.fullstack.TestContainersTest" time="16.134" tests="1" errors="0" skipped="0" failures="0">
  <properties>
[...]
</properties>
  <testcase name="canStartPostgresDB" classname="com.amigoes.fullstack.TestContainersTest" time="0.07">
    <system-out><![CDATA[05:02:50.066 [main] WARN org.testcontainers.utility.TestcontainersConfiguration -- Attempted to read Testcontainers configuration file at file:/home/runner/.testcontainers.properties but the file was not found. Exception message: FileNotFoundException: /home/runner/.testcontainers.properties (No such file or directory)
05:02:50.076 [main] INFO org.testcontainers.utility.ImageNameSubstitutor -- Image name substitution will be performed by: DefaultImageNameSubstitutor (composite of 'ConfigurationFileImageNameSubstitutor' and 'PrefixingImageNameSubstitutor')
05:02:50.676 [main] INFO org.testcontainers.dockerclient.DockerClientProviderStrategy -- Found Docker environment with local Unix socket (unix:///var/run/docker.sock)
05:02:50.684 [main] INFO org.testcontainers.DockerClientFactory -- Docker host IP address is localhost
05:02:50.703 [main] INFO org.testcontainers.DockerClientFactory -- Connected to docker: 
  Server Version: 24.0.6
  API Version: 1.43
  Operating System: Ubuntu 22.04.3 LTS
  Total Memory: 6921 MB
05:02:50.759 [main] INFO 🐳 [testcontainers/ryuk:0.3.4] -- Pulling docker image: testcontainers/ryuk:0.3.4. Please be patient; this may take some time but only needs to be done once.
05:02:51.812 [docker-java-stream-676711754] INFO 🐳 [testcontainers/ryuk:0.3.4] -- Starting to pull image
05:02:51.832 [docker-java-stream-676711754] INFO 🐳 [testcontainers/ryuk:0.3.4] -- Pulling image layers:  0 pending,  0 downloaded,  0 extracted, (0 bytes/0 bytes)
05:02:52.366 [docker-java-stream-676711754] INFO 🐳 [testcontainers/ryuk:0.3.4] -- Pulling image layers:  2 pending,  1 downloaded,  0 extracted, (2 MB/? MB)
05:02:52.373 [docker-java-stream-676711754] INFO 🐳 [testcontainers/ryuk:0.3.4] -- Pulling image layers:  1 pending,  2 downloaded,  0 extracted, (2 MB/? MB)
05:02:52.378 [docker-java-stream-676711754] INFO 🐳 [testcontainers/ryuk:0.3.4] -- Pulling image layers:  0 pending,  3 downloaded,  0 extracted, (2 MB/5 MB)
05:02:52.486 [docker-java-stream-676711754] INFO 🐳 [testcontainers/ryuk:0.3.4] -- Pulling image layers:  0 pending,  3 downloaded,  1 extracted, (5 MB/5 MB)
05:02:53.438 [docker-java-stream-676711754] INFO 🐳 [testcontainers/ryuk:0.3.4] -- Pulling image layers:  0 pending,  3 downloaded,  2 extracted, (5 MB/5 MB)
05:02:53.511 [docker-java-stream-676711754] INFO 🐳 [testcontainers/ryuk:0.3.4] -- Pulling image layers:  0 pending,  3 downloaded,  3 extracted, (5 MB/5 MB)
05:02:53.519 [docker-java-stream-676711754] INFO 🐳 [testcontainers/ryuk:0.3.4] -- Pull complete. 3 layers, pulled in 1s (downloaded 5 MB at 5 MB/s)
05:02:53.545 [main] INFO 🐳 [testcontainers/ryuk:0.3.4] -- Creating container for image: testcontainers/ryuk:0.3.4
05:02:53.648 [main] INFO 🐳 [testcontainers/ryuk:0.3.4] -- Container testcontainers/ryuk:0.3.4 is starting: 1df3e035e3d150bffc754e7092ca74d1dec2cef6798b6bde7a2411408fc4a623
05:02:54.014 [main] INFO 🐳 [testcontainers/ryuk:0.3.4] -- Container testcontainers/ryuk:0.3.4 started in PT3.295491458S
05:02:54.022 [main] INFO org.testcontainers.utility.RyukResourceReaper -- Ryuk started - will monitor and terminate Testcontainers containers on JVM exit
05:02:54.022 [main] INFO org.testcontainers.DockerClientFactory -- Checking the system...
05:02:54.022 [main] INFO org.testcontainers.DockerClientFactory -- ✔︎ Docker server version should be at least 1.6.0
05:02:54.025 [main] INFO 🐳 [postgres:latest] -- Pulling docker image: postgres:latest. Please be patient; this may take some time but only needs to be done once.
05:02:55.041 [docker-java-stream-1871777725] INFO 🐳 [postgres:latest] -- Starting to pull image
05:02:55.042 [docker-java-stream-1871777725] INFO 🐳 [postgres:latest] -- Pulling image layers:  0 pending,  0 downloaded,  0 extracted, (0 bytes/0 bytes)
05:02:55.545 [docker-java-stream-1871777725] INFO 🐳 [postgres:latest] -- Pulling image layers: 12 pending,  1 downloaded,  0 extracted, (1 KB/? MB)
05:02:55.577 [docker-java-stream-1871777725] INFO 🐳 [postgres:latest] -- Pulling image layers: 11 pending,  2 downloaded,  0 extracted, (336 KB/? MB)
05:02:55.732 [docker-java-stream-1871777725] INFO 🐳 [postgres:latest] -- Pulling image layers: 10 pending,  3 downloaded,  0 extracted, (15 MB/? MB)
05:02:55.809 [docker-java-stream-1871777725] INFO 🐳 [postgres:latest] -- Pulling image layers:  9 pending,  4 downloaded,  0 extracted, (17 MB/? MB)
05:02:56.005 [docker-java-stream-1871777725] INFO 🐳 [postgres:latest] -- Pulling image layers:  8 pending,  5 downloaded,  0 extracted, (18 MB/? MB)
05:02:56.057 [docker-java-stream-1871777725] INFO 🐳 [postgres:latest] -- Pulling image layers:  7 pending,  6 downloaded,  0 extracted, (18 MB/? MB)
05:02:56.199 [docker-java-stream-1871777725] INFO 🐳 [postgres:latest] -- Pulling image layers:  6 pending,  7 downloaded,  0 extracted, (18 MB/? MB)
05:02:56.277 [docker-java-stream-1871777725] INFO 🐳 [postgres:latest] -- Pulling image layers:  5 pending,  8 downloaded,  0 extracted, (18 MB/? MB)
05:02:56.467 [docker-java-stream-1871777725] INFO 🐳 [postgres:latest] -- Pulling image layers:  4 pending,  9 downloaded,  0 extracted, (34 MB/? MB)
05:02:56.544 [docker-java-stream-1871777725] INFO 🐳 [postgres:latest] -- Pulling image layers:  3 pending, 10 downloaded,  0 extracted, (46 MB/? MB)
05:02:56.762 [docker-java-stream-1871777725] INFO 🐳 [postgres:latest] -- Pulling image layers:  2 pending, 11 downloaded,  0 extracted, (70 MB/? MB)
05:02:56.854 [docker-java-stream-1871777725] INFO 🐳 [postgres:latest] -- Pulling image layers:  1 pending, 12 downloaded,  0 extracted, (83 MB/? MB)
05:02:57.149 [docker-java-stream-1871777725] INFO 🐳 [postgres:latest] -- Pulling image layers:  0 pending, 13 downloaded,  0 extracted, (128 MB/143 MB)
05:02:57.271 [docker-java-stream-1871777725] INFO 🐳 [postgres:latest] -- Pulling image layers:  0 pending, 13 downloaded,  1 extracted, (129 MB/143 MB)
05:02:57.327 [docker-java-stream-1871777725] INFO 🐳 [postgres:latest] -- Pulling image layers:  0 pending, 13 downloaded,  2 extracted, (129 MB/143 MB)
05:02:58.096 [docker-java-stream-1871777725] INFO 🐳 [postgres:latest] -- Pulling image layers:  0 pending, 13 downloaded,  3 extracted, (133 MB/143 MB)
05:02:58.155 [docker-java-stream-1871777725] INFO 🐳 [postgres:latest] -- Pulling image layers:  0 pending, 13 downloaded,  4 extracted, (133 MB/143 MB)
05:02:58.557 [docker-java-stream-1871777725] INFO 🐳 [postgres:latest] -- Pulling image layers:  0 pending, 13 downloaded,  5 extracted, (141 MB/143 MB)
05:02:58.637 [docker-java-stream-1871777725] INFO 🐳 [postgres:latest] -- Pulling image layers:  0 pending, 13 downloaded,  6 extracted, (141 MB/143 MB)
05:02:58.665 [docker-java-stream-1871777725] INFO 🐳 [postgres:latest] -- Pulling image layers:  0 pending, 13 downloaded,  7 extracted, (141 MB/143 MB)
05:02:58.689 [docker-java-stream-1871777725] INFO 🐳 [postgres:latest] -- Pulling image layers:  0 pending, 13 downloaded,  8 extracted, (141 MB/143 MB)
05:03:03.482 [docker-java-stream-1871777725] INFO 🐳 [postgres:latest] -- Pulling image layers:  0 pending, 13 downloaded,  9 extracted, (143 MB/143 MB)
05:03:03.506 [docker-java-stream-1871777725] INFO 🐳 [postgres:latest] -- Pulling image layers:  0 pending, 13 downloaded, 10 extracted, (143 MB/143 MB)
05:03:03.524 [docker-java-stream-1871777725] INFO 🐳 [postgres:latest] -- Pulling image layers:  0 pending, 13 downloaded, 11 extracted, (143 MB/143 MB)
05:03:03.538 [docker-java-stream-1871777725] INFO 🐳 [postgres:latest] -- Pulling image layers:  0 pending, 13 downloaded, 12 extracted, (143 MB/143 MB)
05:03:03.549 [docker-java-stream-1871777725] INFO 🐳 [postgres:latest] -- Pulling image layers:  0 pending, 13 downloaded, 13 extracted, (143 MB/143 MB)
05:03:03.562 [docker-java-stream-1871777725] INFO 🐳 [postgres:latest] -- Pull complete. 13 layers, pulled in 8s (downloaded 143 MB at 17 MB/s)
05:03:03.564 [main] INFO 🐳 [postgres:latest] -- Creating container for image: postgres:latest
05:03:03.580 [main] INFO 🐳 [postgres:latest] -- Container postgres:latest is starting: 64b80c0f33ae7278f7abf40c79dadefcaae26f1500a6a3949ac9fb6d6d60fb1a
05:03:05.099 [main] INFO 🐳 [postgres:latest] -- Container postgres:latest started in PT11.076721001S
05:03:05.100 [main] INFO 🐳 [postgres:latest] -- Container is started (JDBC URL: jdbc:postgresql://localhost:32769/fullstack-dao-unit-test?loggerLevel=OFF)
05:03:05.232 [main] INFO org.flywaydb.core.internal.license.VersionPrinter -- Flyway Community Edition 9.16.3 by Redgate
05:03:05.232 [main] INFO org.flywaydb.core.internal.license.VersionPrinter -- See release notes here: https://rd.gt/416ObMi
05:03:05.232 [main] INFO org.flywaydb.core.internal.license.VersionPrinter -- 
05:03:05.483 [main] INFO org.flywaydb.core.internal.database.base.BaseDatabaseType -- Database: jdbc:postgresql://localhost:32769/fullstack-dao-unit-test (PostgreSQL 16.0)
05:03:05.491 [main] WARN org.flywaydb.core.internal.database.base.Database -- Flyway upgrade recommended: PostgreSQL 16.0 is newer than this version of Flyway and support has not been tested. The latest supported version of PostgreSQL is 15.
05:03:05.516 [main] INFO org.flywaydb.core.internal.schemahistory.JdbcTableSchemaHistory -- Schema history table "public"."flyway_schema_history" does not exist yet
05:03:05.519 [main] INFO org.flywaydb.core.internal.command.DbValidate -- Successfully validated 3 migrations (execution time 00:00.017s)
05:03:05.532 [main] INFO org.flywaydb.core.internal.schemahistory.JdbcTableSchemaHistory -- Creating Schema History table "public"."flyway_schema_history" ...
05:03:05.612 [main] INFO org.flywaydb.core.internal.command.DbMigrate -- Current version of schema "public": << Empty Schema >>
05:03:05.625 [main] INFO org.flywaydb.core.internal.command.DbMigrate -- Migrating schema "public" to version "1 - Initial Setup"
05:03:05.649 [main] INFO org.flywaydb.core.internal.command.DbMigrate -- Migrating schema "public" to version "2 - Adding Constraints  To Email"
05:03:05.662 [main] INFO org.flywaydb.core.internal.command.DbMigrate -- Migrating schema "public" to version "3 - Add Gender Column Customer Table"
05:03:05.669 [main] INFO org.flywaydb.core.internal.command.DbMigrate -- Successfully applied 3 migrations to schema "public", now at version v3 (execution time 00:00.063s)
]]></system-out>
  </testcase>
</testsuite>