<?xml version="1.0" encoding="UTF-8"?>
<testsuite xmlns:xsi="http://www.w3.org/2001/XMLSchema-instance" xsi:noNamespaceSchemaLocation="https://maven.apache.org/surefire/maven-surefire-plugin/xsd/surefire-test-report-3.0.xsd" version="3.0" name="com.amigoes.fullstack.customer.CustomerServicesTest" time="0.133" tests="13" errors="0" skipped="0" failures="0">
  <properties>
[...]
</properties>
  <testcase name="willThrowExceptionWhenGetCustomerByEmailReturnsEmptyOptional" classname="com.amigoes.fullstack.customer.CustomerServicesTest" time="0.087"/>
  <testcase name="getCustomerList" classname="com.amigoes.fullstack.customer.CustomerServicesTest" time="0.003"/>
  <testcase name="deleteCustomer" classname="com.amigoes.fullstack.customer.CustomerServicesTest" time="0.004"/>
  <testcase name="willThrowExceptionWhenCustomerNotFound" classname="com.amigoes.fullstack.customer.CustomerServicesTest" time="0.002"/>
  <testcase name="willThrowWhenTryingToUpdateCustomerEmailWhenAlreadyTaken" classname="com.amigoes.fullstack.customer.CustomerServicesTest" time="0.003"/>
  <testcase name="updateCustomerWithAllProperties" classname="com.amigoes.fullstack.customer.CustomerServicesTest" time="0.007"/>
  <testcase name="willThrowWhenUpdateHasNoChanges" classname="com.amigoes.fullstack.customer.CustomerServicesTest" time="0.002"/>
  <testcase name="registerCustomer" classname="com.amigoes.fullstack.customer.CustomerServicesTest" time="0.004"/>
  <testcase name="canUpdateOnlyCustomerEmail" classname="com.amigoes.fullstack.customer.CustomerServicesTest" time="0.005"/>
  <testcase name="canUpdateOnlyCustomerAge" classname="com.amigoes.fullstack.customer.CustomerServicesTest" time="0.001"/>
  <testcase name="getCustomerByEmail" classname="com.amigoes.fullstack.customer.CustomerServicesTest" time="0.001"/>
  <testcase name="canUpdateOnlyCustomerName" classname="com.amigoes.fullstack.customer.CustomerServicesTest" time="0.004"/>
  <testcase name="willThrowWhenEmailExistsWhileRegisteringCustomer" classname="com.amigoes.fullstack.customer.CustomerServicesTest" time="0.002"/>
</testsuite>