<?xml version="1.0" encoding="UTF-8"?>
<testsuite xmlns:xsi="http://www.w3.org/2001/XMLSchema-instance" xsi:noNamespaceSchemaLocation="https://maven.apache.org/surefire/maven-surefire-plugin/xsd/surefire-test-report-3.0.xsd" version="3.0" name="com.amigoes.fullstack.customer.CustomerRepositoryTest" time="20.955" tests="3" errors="0" skipped="0" failures="0">
  <properties>
[...]
</properties>
  <testcase name="existsByEmail" classname="com.amigoes.fullstack.customer.CustomerRepositoryTest" time="0.283">
    <system-out><![CDATA[11:08:43.766 [main] WARN org.testcontainers.utility.TestcontainersConfiguration -- Attempted to read Testcontainers configuration file at file:/home/runner/.testcontainers.properties but the file was not found. Exception message: FileNotFoundException: /home/runner/.testcontainers.properties (No such file or directory)
11:08:43.773 [main] INFO org.testcontainers.utility.ImageNameSubstitutor -- Image name substitution will be performed by: DefaultImageNameSubstitutor (composite of 'ConfigurationFileImageNameSubstitutor' and 'PrefixingImageNameSubstitutor')
11:08:44.529 [main] INFO org.testcontainers.dockerclient.DockerClientProviderStrategy -- Found Docker environment with local Unix socket (unix:///var/run/docker.sock)
11:08:44.539 [main] INFO org.testcontainers.DockerClientFactory -- Docker host IP address is localhost
11:08:44.569 [main] INFO org.testcontainers.DockerClientFactory -- Connected to docker: 
  Server Version: 24.0.6
  API Version: 1.43
  Operating System: Ubuntu 22.04.3 LTS
  Total Memory: 6921 MB
11:08:44.626 [main] INFO 🐳 [testcontainers/ryuk:0.3.4] -- Pulling docker image: testcontainers/ryuk:0.3.4. Please be patient; this may take some time but only needs to be done once.
11:08:45.364 [docker-java-stream-676711754] INFO 🐳 [testcontainers/ryuk:0.3.4] -- Starting to pull image
11:08:45.397 [docker-java-stream-676711754] INFO 🐳 [testcontainers/ryuk:0.3.4] -- Pulling image layers:  0 pending,  0 downloaded,  0 extracted, (0 bytes/0 bytes)
11:08:45.777 [docker-java-stream-676711754] INFO 🐳 [testcontainers/ryuk:0.3.4] -- Pulling image layers:  2 pending,  1 downloaded,  0 extracted, (317 KB/? MB)
11:08:45.786 [docker-java-stream-676711754] INFO 🐳 [testcontainers/ryuk:0.3.4] -- Pulling image layers:  1 pending,  2 downloaded,  0 extracted, (317 KB/? MB)
11:08:45.799 [docker-java-stream-676711754] INFO 🐳 [testcontainers/ryuk:0.3.4] -- Pulling image layers:  0 pending,  3 downloaded,  0 extracted, (321 KB/5 MB)
11:08:45.954 [docker-java-stream-676711754] INFO 🐳 [testcontainers/ryuk:0.3.4] -- Pulling image layers:  0 pending,  3 downloaded,  1 extracted, (2 MB/5 MB)
11:08:46.510 [docker-java-stream-676711754] INFO 🐳 [testcontainers/ryuk:0.3.4] -- Pulling image layers:  0 pending,  3 downloaded,  2 extracted, (2 MB/5 MB)
11:08:46.966 [docker-java-stream-676711754] INFO 🐳 [testcontainers/ryuk:0.3.4] -- Pulling image layers:  0 pending,  3 downloaded,  3 extracted, (5 MB/5 MB)
11:08:46.975 [docker-java-stream-676711754] INFO 🐳 [testcontainers/ryuk:0.3.4] -- Pull complete. 3 layers, pulled in 1s (downloaded 5 MB at 5 MB/s)
11:08:47.013 [main] INFO 🐳 [testcontainers/ryuk:0.3.4] -- Creating container for image: testcontainers/ryuk:0.3.4
11:08:47.117 [main] INFO 🐳 [testcontainers/ryuk:0.3.4] -- Container testcontainers/ryuk:0.3.4 is starting: d52c5f2a01736b63ae1c8411d37578fe968d7f90e65601d9388994695fb196f7
11:08:47.600 [main] INFO 🐳 [testcontainers/ryuk:0.3.4] -- Container testcontainers/ryuk:0.3.4 started in PT3.021363631S
11:08:47.608 [main] INFO org.testcontainers.utility.RyukResourceReaper -- Ryuk started - will monitor and terminate Testcontainers containers on JVM exit
11:08:47.609 [main] INFO org.testcontainers.DockerClientFactory -- Checking the system...
11:08:47.609 [main] INFO org.testcontainers.DockerClientFactory -- ✔︎ Docker server version should be at least 1.6.0
11:08:47.612 [main] INFO 🐳 [postgres:latest] -- Pulling docker image: postgres:latest. Please be patient; this may take some time but only needs to be done once.
11:08:48.260 [docker-java-stream-1871777725] INFO 🐳 [postgres:latest] -- Starting to pull image
11:08:48.261 [docker-java-stream-1871777725] INFO 🐳 [postgres:latest] -- Pulling image layers:  0 pending,  0 downloaded,  0 extracted, (0 bytes/0 bytes)
11:08:48.645 [docker-java-stream-1871777725] INFO 🐳 [postgres:latest] -- Pulling image layers: 12 pending,  1 downloaded,  0 extracted, (1 KB/? MB)
11:08:48.746 [docker-java-stream-1871777725] INFO 🐳 [postgres:latest] -- Pulling image layers: 11 pending,  2 downloaded,  0 extracted, (335 KB/? MB)
11:08:48.893 [docker-java-stream-1871777725] INFO 🐳 [postgres:latest] -- Pulling image layers: 10 pending,  3 downloaded,  0 extracted, (11 MB/? MB)
11:08:48.908 [docker-java-stream-1871777725] INFO 🐳 [postgres:latest] -- Pulling image layers:  9 pending,  4 downloaded,  0 extracted, (25 MB/? MB)
11:08:49.064 [docker-java-stream-1871777725] INFO 🐳 [postgres:latest] -- Pulling image layers:  8 pending,  5 downloaded,  0 extracted, (32 MB/? MB)
11:08:49.124 [docker-java-stream-1871777725] INFO 🐳 [postgres:latest] -- Pulling image layers:  7 pending,  6 downloaded,  0 extracted, (32 MB/? MB)
11:08:49.151 [docker-java-stream-1871777725] INFO 🐳 [postgres:latest] -- Pulling image layers:  6 pending,  7 downloaded,  0 extracted, (32 MB/? MB)
11:08:49.265 [docker-java-stream-1871777725] INFO 🐳 [postgres:latest] -- Pulling image layers:  5 pending,  8 downloaded,  0 extracted, (32 MB/? MB)
11:08:49.367 [docker-java-stream-1871777725] INFO 🐳 [postgres:latest] -- Pulling image layers:  4 pending,  9 downloaded,  0 extracted, (33 MB/? MB)
11:08:49.527 [docker-java-stream-1871777725] INFO 🐳 [postgres:latest] -- Pulling image layers:  3 pending, 10 downloaded,  0 extracted, (43 MB/? MB)
11:08:49.610 [docker-java-stream-1871777725] INFO 🐳 [postgres:latest] -- Pulling image layers:  2 pending, 11 downloaded,  0 extracted, (53 MB/? MB)
11:08:49.731 [docker-java-stream-1871777725] INFO 🐳 [postgres:latest] -- Pulling image layers:  1 pending, 12 downloaded,  0 extracted, (62 MB/? MB)
11:08:50.307 [docker-java-stream-1871777725] INFO 🐳 [postgres:latest] -- Pulling image layers:  0 pending, 13 downloaded,  0 extracted, (127 MB/144 MB)
11:08:50.926 [docker-java-stream-1871777725] INFO 🐳 [postgres:latest] -- Pulling image layers:  0 pending, 13 downloaded,  1 extracted, (129 MB/144 MB)
11:08:50.998 [docker-java-stream-1871777725] INFO 🐳 [postgres:latest] -- Pulling image layers:  0 pending, 13 downloaded,  2 extracted, (129 MB/144 MB)
11:08:51.762 [docker-java-stream-1871777725] INFO 🐳 [postgres:latest] -- Pulling image layers:  0 pending, 13 downloaded,  3 extracted, (133 MB/144 MB)
11:08:51.841 [docker-java-stream-1871777725] INFO 🐳 [postgres:latest] -- Pulling image layers:  0 pending, 13 downloaded,  4 extracted, (134 MB/144 MB)
11:08:52.333 [docker-java-stream-1871777725] INFO 🐳 [postgres:latest] -- Pulling image layers:  0 pending, 13 downloaded,  5 extracted, (135 MB/144 MB)
11:08:52.437 [docker-java-stream-1871777725] INFO 🐳 [postgres:latest] -- Pulling image layers:  0 pending, 13 downloaded,  6 extracted, (137 MB/144 MB)
11:08:52.455 [docker-java-stream-1871777725] INFO 🐳 [postgres:latest] -- Pulling image layers:  0 pending, 13 downloaded,  7 extracted, (137 MB/144 MB)
11:08:52.473 [docker-java-stream-1871777725] INFO 🐳 [postgres:latest] -- Pulling image layers:  0 pending, 13 downloaded,  8 extracted, (137 MB/144 MB)
11:08:57.726 [docker-java-stream-1871777725] INFO 🐳 [postgres:latest] -- Pulling image layers:  0 pending, 13 downloaded,  9 extracted, (144 MB/144 MB)
11:08:57.751 [docker-java-stream-1871777725] INFO 🐳 [postgres:latest] -- Pulling image layers:  0 pending, 13 downloaded, 10 extracted, (144 MB/144 MB)
11:08:57.766 [docker-java-stream-1871777725] INFO 🐳 [postgres:latest] -- Pulling image layers:  0 pending, 13 downloaded, 11 extracted, (144 MB/144 MB)
11:08:57.782 [docker-java-stream-1871777725] INFO 🐳 [postgres:latest] -- Pulling image layers:  0 pending, 13 downloaded, 12 extracted, (144 MB/144 MB)
11:08:57.803 [docker-java-stream-1871777725] INFO 🐳 [postgres:latest] -- Pulling image layers:  0 pending, 13 downloaded, 13 extracted, (144 MB/144 MB)
11:08:57.812 [docker-java-stream-1871777725] INFO 🐳 [postgres:latest] -- Pull complete. 13 layers, pulled in 9s (downloaded 144 MB at 16 MB/s)
11:08:57.815 [main] INFO 🐳 [postgres:latest] -- Creating container for image: postgres:latest
11:08:57.833 [main] INFO 🐳 [postgres:latest] -- Container postgres:latest is starting: e84c545b8f2c9082b3c149594fc1bd915a7b733d3a946df5994c60cd56e89d97
11:08:59.387 [main] INFO 🐳 [postgres:latest] -- Container postgres:latest started in PT11.777129351S
11:08:59.387 [main] INFO 🐳 [postgres:latest] -- Container is started (JDBC URL: jdbc:postgresql://localhost:32769/fullstack-dao-unit-test?loggerLevel=OFF)
11:08:59.406 [main] INFO org.springframework.test.context.support.AnnotationConfigContextLoaderUtils -- Could not detect default configuration classes for test class [com.amigoes.fullstack.customer.CustomerRepositoryTest]: CustomerRepositoryTest does not declare any static, non-private, non-final, nested classes annotated with @Configuration.
11:08:59.492 [main] INFO org.springframework.boot.test.context.SpringBootTestContextBootstrapper -- Found @SpringBootConfiguration com.amigoes.fullstack.FullstackApplication for test class com.amigoes.fullstack.customer.CustomerRepositoryTest
11:08:59.629 [main] INFO org.flywaydb.core.internal.license.VersionPrinter -- Flyway Community Edition 9.16.3 by Redgate
11:08:59.630 [main] INFO org.flywaydb.core.internal.license.VersionPrinter -- See release notes here: https://rd.gt/416ObMi
11:08:59.630 [main] INFO org.flywaydb.core.internal.license.VersionPrinter -- 
11:08:59.974 [main] INFO org.flywaydb.core.internal.database.base.BaseDatabaseType -- Database: jdbc:postgresql://localhost:32769/fullstack-dao-unit-test (PostgreSQL 16.0)
11:08:59.987 [main] WARN org.flywaydb.core.internal.database.base.Database -- Flyway upgrade recommended: PostgreSQL 16.0 is newer than this version of Flyway and support has not been tested. The latest supported version of PostgreSQL is 15.
11:09:00.015 [main] INFO org.flywaydb.core.internal.schemahistory.JdbcTableSchemaHistory -- Schema history table "public"."flyway_schema_history" does not exist yet
11:09:00.019 [main] INFO org.flywaydb.core.internal.command.DbValidate -- Successfully validated 3 migrations (execution time 00:00.020s)
11:09:00.039 [main] INFO org.flywaydb.core.internal.schemahistory.JdbcTableSchemaHistory -- Creating Schema History table "public"."flyway_schema_history" ...
11:09:00.124 [main] INFO org.flywaydb.core.internal.command.DbMigrate -- Current version of schema "public": << Empty Schema >>
11:09:00.129 [main] INFO org.flywaydb.core.internal.command.DbMigrate -- Migrating schema "public" to version "1 - Initial Setup"
11:09:00.146 [main] INFO org.flywaydb.core.internal.command.DbMigrate -- Migrating schema "public" to version "2 - Adding Constraints  To Email"
11:09:00.164 [main] INFO org.flywaydb.core.internal.command.DbMigrate -- Migrating schema "public" to version "3 - Add Gender Column Customer Table"
11:09:00.175 [main] INFO org.flywaydb.core.internal.command.DbMigrate -- Successfully applied 3 migrations to schema "public", now at version v3 (execution time 00:00.056s)

  .   ____          _            __ _ _
 /\\ / ___'_ __ _ _(_)_ __  __ _ \ \ \ \
( ( )\___ | '_ | '_| | '_ \/ _` | \ \ \ \
 \\/  ___)| |_)| | | | | || (_| |  ) ) ) )
  '  |____| .__|_| |_|_| |_\__, | / / / /
 =========|_|==============|___/=/_/_/_/
 :: Spring Boot ::                (v3.1.2)

2023-09-19T11:09:00.637Z  INFO 2254 --- [           main] c.a.f.customer.CustomerRepositoryTest    : Starting CustomerRepositoryTest using Java 17.0.8.1 with PID 2254 (started by runner in /home/runner/work/testing-fullstack/testing-fullstack/backend)
2023-09-19T11:09:00.639Z  INFO 2254 --- [           main] c.a.f.customer.CustomerRepositoryTest    : No active profile set, falling back to 1 default profile: "default"
2023-09-19T11:09:01.223Z  INFO 2254 --- [           main] .s.d.r.c.RepositoryConfigurationDelegate : Multiple Spring Data modules found, entering strict repository configuration mode
2023-09-19T11:09:01.225Z  INFO 2254 --- [           main] .s.d.r.c.RepositoryConfigurationDelegate : Bootstrapping Spring Data JPA repositories in DEFAULT mode.
2023-09-19T11:09:01.385Z  INFO 2254 --- [           main] .s.d.r.c.RepositoryConfigurationDelegate : Finished Spring Data repository scanning in 152 ms. Found 1 JPA repository interfaces.
2023-09-19T11:09:01.774Z  INFO 2254 --- [           main] com.zaxxer.hikari.HikariDataSource       : HikariPool-1 - Starting...
2023-09-19T11:09:01.875Z  INFO 2254 --- [           main] com.zaxxer.hikari.pool.HikariPool        : HikariPool-1 - Added connection org.postgresql.jdbc.PgConnection@1d2d793d
2023-09-19T11:09:01.877Z  INFO 2254 --- [           main] com.zaxxer.hikari.HikariDataSource       : HikariPool-1 - Start completed.
2023-09-19T11:09:01.888Z  INFO 2254 --- [           main] o.f.c.i.database.base.BaseDatabaseType   : Database: jdbc:postgresql://localhost:32769/fullstack-dao-unit-test (PostgreSQL 16.0)
2023-09-19T11:09:01.891Z  WARN 2254 --- [           main] o.f.c.internal.database.base.Database    : Flyway upgrade recommended: PostgreSQL 16.0 is newer than this version of Flyway and support has not been tested. The latest supported version of PostgreSQL is 15.
2023-09-19T11:09:01.900Z  INFO 2254 --- [           main] o.f.core.internal.command.DbValidate     : Successfully validated 3 migrations (execution time 00:00.006s)
2023-09-19T11:09:01.935Z  INFO 2254 --- [           main] o.f.core.internal.command.DbMigrate      : Current version of schema "public": 3
2023-09-19T11:09:01.936Z  INFO 2254 --- [           main] o.f.core.internal.command.DbMigrate      : Schema "public" is up to date. No migration necessary.
2023-09-19T11:09:02.096Z  INFO 2254 --- [           main] o.hibernate.jpa.internal.util.LogHelper  : HHH000204: Processing PersistenceUnitInfo [name: default]
2023-09-19T11:09:02.160Z  INFO 2254 --- [           main] org.hibernate.Version                    : HHH000412: Hibernate ORM core version 6.2.6.Final
2023-09-19T11:09:02.163Z  INFO 2254 --- [           main] org.hibernate.cfg.Environment            : HHH000406: Using bytecode reflection optimizer
2023-09-19T11:09:02.378Z  INFO 2254 --- [           main] o.h.b.i.BytecodeProviderInitiator        : HHH000021: Bytecode provider name : bytebuddy
2023-09-19T11:09:02.390Z  INFO 2254 --- [           main] o.s.o.j.p.SpringPersistenceUnitInfo      : No LoadTimeWeaver setup: ignoring JPA class transformer
2023-09-19T11:09:02.662Z  INFO 2254 --- [           main] o.h.b.i.BytecodeProviderInitiator        : HHH000021: Bytecode provider name : bytebuddy
2023-09-19T11:09:03.158Z  INFO 2254 --- [           main] o.h.e.t.j.p.i.JtaPlatformInitiator       : HHH000490: Using JtaPlatform implementation: [org.hibernate.engine.transaction.jta.platform.internal.NoJtaPlatform]
2023-09-19T11:09:03.161Z  INFO 2254 --- [           main] j.LocalContainerEntityManagerFactoryBean : Initialized JPA EntityManagerFactory for persistence unit 'default'
2023-09-19T11:09:03.699Z  WARN 2254 --- [           main] JpaBaseConfiguration$JpaWebConfiguration : spring.jpa.open-in-view is enabled by default. Therefore, database queries may be performed during view rendering. Explicitly configure spring.jpa.open-in-view to disable this warning
2023-09-19T11:09:03.776Z  INFO 2254 --- [           main] c.a.f.customer.CustomerRepositoryTest    : Started CustomerRepositoryTest in 3.539 seconds (process running for 24.197)
Hibernate: 
    select
        nextval('customer_id_seq')
Hibernate: 
    insert 
    into
        customer
        (age,email,gender,name,id) 
    values
        (?,?,?,?,?)
Hibernate: 
    select
        c1_0.id,
        c1_0.age,
        c1_0.email,
        c1_0.gender,
        c1_0.name 
    from
        customer c1_0
90
Hibernate: 
    select
        nextval('customer_id_seq')
Hibernate: 
    insert 
    into
        customer
        (age,email,gender,name,id) 
    values
        (?,?,?,?,?)
Hibernate: 
    delete 
    from
        customer 
    where
        id=?
Hibernate: 
    select
        c1_0.id 
    from
        customer c1_0 
    where
        c1_0.email=? fetch first ? rows only
]]></system-out>
  </testcase>
  <testcase name="deleteByEmail" classname="com.amigoes.fullstack.customer.CustomerRepositoryTest" time="0.012">
    <system-out><![CDATA[Hibernate: 
    select
        c1_0.id,
        c1_0.age,
        c1_0.email,
        c1_0.gender,
        c1_0.name 
    from
        customer c1_0
90
]]></system-out>
  </testcase>
  <testcase name="findByEmail" classname="com.amigoes.fullstack.customer.CustomerRepositoryTest" time="0.017">
    <system-out><![CDATA[Hibernate: 
    select
        c1_0.id,
        c1_0.age,
        c1_0.email,
        c1_0.gender,
        c1_0.name 
    from
        customer c1_0
90
Hibernate: 
    select
        nextval('customer_id_seq')
Hibernate: 
    insert 
    into
        customer
        (age,email,gender,name,id) 
    values
        (?,?,?,?,?)
Hibernate: 
    delete 
    from
        customer 
    where
        id=?
Hibernate: 
    select
        c1_0.id,
        c1_0.age,
        c1_0.email,
        c1_0.gender,
        c1_0.name 
    from
        customer c1_0 
    where
        c1_0.email=?
]]></system-out>
  </testcase>
</testsuite>