<?xml version="1.0" encoding="UTF-8"?>
<testsuite xmlns:xsi="http://www.w3.org/2001/XMLSchema-instance" xsi:noNamespaceSchemaLocation="https://maven.apache.org/surefire/maven-failsafe-plugin/xsd/failsafe-test-report-3.0.xsd" version="3.0" name="com.amigoes.fullstack.journey.CustomerIT" time="9.156" tests="2" errors="0" skipped="0" failures="0">
  <properties>
[...]
</properties>
  <testcase name="canRegisterCustomer" classname="com.amigoes.fullstack.journey.CustomerIT" time="1.483">
    <system-out><![CDATA[07:24:08.999 [main] INFO org.springframework.test.context.support.AnnotationConfigContextLoaderUtils -- Could not detect default configuration classes for test class [com.amigoes.fullstack.journey.CustomerIT]: CustomerIT does not declare any static, non-private, non-final, nested classes annotated with @Configuration.
07:24:09.308 [main] INFO org.springframework.boot.test.context.SpringBootTestContextBootstrapper -- Found @SpringBootConfiguration com.amigoes.fullstack.FullstackApplication for test class com.amigoes.fullstack.journey.CustomerIT

  .   ____          _            __ _ _
 /\\ / ___'_ __ _ _(_)_ __  __ _ \ \ \ \
( ( )\___ | '_ | '_| | '_ \/ _` | \ \ \ \
 \\/  ___)| |_)| | | | | || (_| |  ) ) ) )
  '  |____| .__|_| |_|_| |_\__, | / / / /
 =========|_|==============|___/=/_/_/_/
 :: Spring Boot ::                (v3.1.2)

2023-09-08T07:24:10.225Z  INFO 3274 --- [           main] c.amigoes.fullstack.journey.CustomerIT   : Starting CustomerIT using Java 17.0.8.1 with PID 3274 (started by runner in /home/runner/work/testing-fullstack/testing-fullstack/backend)
2023-09-08T07:24:10.226Z  INFO 3274 --- [           main] c.amigoes.fullstack.journey.CustomerIT   : No active profile set, falling back to 1 default profile: "default"
2023-09-08T07:24:11.241Z  INFO 3274 --- [           main] .s.d.r.c.RepositoryConfigurationDelegate : Multiple Spring Data modules found, entering strict repository configuration mode
2023-09-08T07:24:11.242Z  INFO 3274 --- [           main] .s.d.r.c.RepositoryConfigurationDelegate : Bootstrapping Spring Data JDBC repositories in DEFAULT mode.
2023-09-08T07:24:11.289Z  INFO 3274 --- [           main] .RepositoryConfigurationExtensionSupport : Spring Data JDBC - Could not safely identify store assignment for repository candidate interface com.amigoes.fullstack.customer.CustomerRepository; If you want this repository to be a JDBC repository, consider annotating your entities with one of these annotations: org.springframework.data.relational.core.mapping.Table.
2023-09-08T07:24:11.290Z  INFO 3274 --- [           main] .s.d.r.c.RepositoryConfigurationDelegate : Finished Spring Data repository scanning in 43 ms. Found 0 JDBC repository interfaces.
2023-09-08T07:24:11.306Z  INFO 3274 --- [           main] .s.d.r.c.RepositoryConfigurationDelegate : Multiple Spring Data modules found, entering strict repository configuration mode
2023-09-08T07:24:11.307Z  INFO 3274 --- [           main] .s.d.r.c.RepositoryConfigurationDelegate : Bootstrapping Spring Data JPA repositories in DEFAULT mode.
2023-09-08T07:24:11.457Z  INFO 3274 --- [           main] .s.d.r.c.RepositoryConfigurationDelegate : Finished Spring Data repository scanning in 144 ms. Found 1 JPA repository interfaces.
2023-09-08T07:24:12.158Z  INFO 3274 --- [           main] o.s.b.w.embedded.tomcat.TomcatWebServer  : Tomcat initialized with port(s): 0 (http)
2023-09-08T07:24:12.167Z  INFO 3274 --- [           main] o.apache.catalina.core.StandardService   : Starting service [Tomcat]
2023-09-08T07:24:12.168Z  INFO 3274 --- [           main] o.apache.catalina.core.StandardEngine    : Starting Servlet engine: [Apache Tomcat/10.1.11]
2023-09-08T07:24:12.267Z  INFO 3274 --- [           main] o.a.c.c.C.[Tomcat].[localhost].[/]       : Initializing Spring embedded WebApplicationContext
2023-09-08T07:24:12.269Z  INFO 3274 --- [           main] w.s.c.ServletWebServerApplicationContext : Root WebApplicationContext: initialization completed in 1964 ms
2023-09-08T07:24:12.473Z  INFO 3274 --- [           main] o.f.c.internal.license.VersionPrinter    : Flyway Community Edition 9.16.3 by Redgate
2023-09-08T07:24:12.473Z  INFO 3274 --- [           main] o.f.c.internal.license.VersionPrinter    : See release notes here: https://rd.gt/416ObMi
2023-09-08T07:24:12.473Z  INFO 3274 --- [           main] o.f.c.internal.license.VersionPrinter    : 
2023-09-08T07:24:12.515Z  INFO 3274 --- [           main] com.zaxxer.hikari.HikariDataSource       : HikariPool-1 - Starting...
2023-09-08T07:24:12.840Z  INFO 3274 --- [           main] com.zaxxer.hikari.pool.HikariPool        : HikariPool-1 - Added connection org.postgresql.jdbc.PgConnection@749baa0c
2023-09-08T07:24:12.841Z  INFO 3274 --- [           main] com.zaxxer.hikari.HikariDataSource       : HikariPool-1 - Start completed.
2023-09-08T07:24:12.860Z  INFO 3274 --- [           main] o.f.c.i.database.base.BaseDatabaseType   : Database: jdbc:postgresql://localhost:5433/customer (PostgreSQL 14.5)
2023-09-08T07:24:12.902Z  INFO 3274 --- [           main] o.f.core.internal.command.DbValidate     : Successfully validated 2 migrations (execution time 00:00.023s)
2023-09-08T07:24:12.965Z  INFO 3274 --- [           main] o.f.core.internal.command.DbMigrate      : Current version of schema "public": 2
2023-09-08T07:24:12.966Z  INFO 3274 --- [           main] o.f.core.internal.command.DbMigrate      : Schema "public" is up to date. No migration necessary.
2023-09-08T07:24:13.158Z  INFO 3274 --- [           main] o.hibernate.jpa.internal.util.LogHelper  : HHH000204: Processing PersistenceUnitInfo [name: default]
2023-09-08T07:24:13.258Z  INFO 3274 --- [           main] org.hibernate.Version                    : HHH000412: Hibernate ORM core version 6.2.6.Final
2023-09-08T07:24:13.260Z  INFO 3274 --- [           main] org.hibernate.cfg.Environment            : HHH000406: Using bytecode reflection optimizer
2023-09-08T07:24:13.452Z  INFO 3274 --- [           main] o.h.b.i.BytecodeProviderInitiator        : HHH000021: Bytecode provider name : bytebuddy
2023-09-08T07:24:13.626Z  INFO 3274 --- [           main] o.s.o.j.p.SpringPersistenceUnitInfo      : No LoadTimeWeaver setup: ignoring JPA class transformer
2023-09-08T07:24:13.873Z  INFO 3274 --- [           main] o.h.b.i.BytecodeProviderInitiator        : HHH000021: Bytecode provider name : bytebuddy
2023-09-08T07:24:14.516Z  INFO 3274 --- [           main] o.h.e.t.j.p.i.JtaPlatformInitiator       : HHH000490: Using JtaPlatform implementation: [org.hibernate.engine.transaction.jta.platform.internal.NoJtaPlatform]
2023-09-08T07:24:14.520Z  INFO 3274 --- [           main] j.LocalContainerEntityManagerFactoryBean : Initialized JPA EntityManagerFactory for persistence unit 'default'
2023-09-08T07:24:15.161Z  WARN 3274 --- [           main] JpaBaseConfiguration$JpaWebConfiguration : spring.jpa.open-in-view is enabled by default. Therefore, database queries may be performed during view rendering. Explicitly configure spring.jpa.open-in-view to disable this warning
2023-09-08T07:24:15.722Z  INFO 3274 --- [           main] o.s.b.w.embedded.tomcat.TomcatWebServer  : Tomcat started on port(s): 43327 (http) with context path ''
2023-09-08T07:24:15.745Z  INFO 3274 --- [           main] c.amigoes.fullstack.journey.CustomerIT   : Started CustomerIT in 6.156 seconds (process running for 8.577)
Hibernate: 
    select
        nextval('customer_id_seq')
Hibernate: 
    insert 
    into
        customer
        (age,email,name,id) 
    values
        (?,?,?,?)
2023-09-08T07:24:17.382Z  INFO 3274 --- [o-auto-1-exec-1] o.a.c.c.C.[Tomcat].[localhost].[/]       : Initializing Spring DispatcherServlet 'dispatcherServlet'
2023-09-08T07:24:17.383Z  INFO 3274 --- [o-auto-1-exec-1] o.s.web.servlet.DispatcherServlet        : Initializing Servlet 'dispatcherServlet'
2023-09-08T07:24:17.388Z  INFO 3274 --- [o-auto-1-exec-1] o.s.web.servlet.DispatcherServlet        : Completed initialization in 2 ms
]]></system-out>
  </testcase>
  <testcase name="canDeleteCustomer" classname="com.amigoes.fullstack.journey.CustomerIT" time="0.109">
    <system-out><![CDATA[Deleted Customer result= 1
]]></system-out>
  </testcase>
</testsuite>